[2020-07-30T21:01:22.791] [ERROR] cheese - AwilixResolutionError: Could not resolve 'booksService'.

Resolution path: booksService
    at resolve (/Users/yuanzhijia/Desktop/yd-bookscode/node_modules/awilix/lib/container.js:238:23)
    at Object.get (/Users/yuanzhijia/Desktop/yd-bookscode/node_modules/awilix/lib/container.js:65:32)
    at new BooksController (/Users/yuanzhijia/Desktop/yd-bookscode/dist/controllers/BooksController.js:16:5)
    at newClass (/Users/yuanzhijia/Desktop/yd-bookscode/node_modules/awilix/lib/resolvers.js:85:24)
    at Object.resolve (/Users/yuanzhijia/Desktop/yd-bookscode/node_modules/awilix/lib/resolvers.js:294:20)
    at Object.build (/Users/yuanzhijia/Desktop/yd-bookscode/node_modules/awilix/lib/container.js:311:37)
    at memberInvoker (/Users/yuanzhijia/Desktop/yd-bookscode/node_modules/awilix-koa/lib/invokers.js:83:38)
    at dispatch (/Users/yuanzhijia/Desktop/yd-bookscode/node_modules/koa-compose/index.js:42:32)
    at /Users/yuanzhijia/Desktop/yd-bookscode/node_modules/@koa/router/lib/router.js:368:16
    at dispatch (/Users/yuanzhijia/Desktop/yd-bookscode/node_modules/koa-compose/index.js:42:32)
[2020-07-30T21:13:57.016] [ERROR] cheese - Error: ENOENT: no such file or directory, open '/Users/yuanzhijia/Desktop/yd-bookscode/dist/components/create/create.html'
    at Object.openSync (fs.js:458:3)
    at Object.readFileSync (fs.js:360:35)
    at Object.ret.load (/Users/yuanzhijia/Desktop/yd-bookscode/node_modules/swig-templates/lib/loaders/filesystem.js:59:15)
    at exports.Swig.compileFile (/Users/yuanzhijia/Desktop/yd-bookscode/node_modules/swig-templates/lib/swig.js:740:31)
    at Object.eval [as tpl] (eval at precompile (/Users/yuanzhijia/Desktop/yd-bookscode/node_modules/swig-templates/lib/swig.js:537:13), <anonymous>:11:18)
    at compiled (/Users/yuanzhijia/Desktop/yd-bookscode/node_modules/swig-templates/lib/swig.js:664:18)
    at /Users/yuanzhijia/Desktop/yd-bookscode/node_modules/swig-templates/lib/swig.js:604:20
    at /Users/yuanzhijia/Desktop/yd-bookscode/node_modules/swig-templates/lib/swig.js:735:9
    at FSReqCallback.readFileAfterClose [as oncomplete] (internal/fs/read_file_context.js:63:3) {
  errno: -2,
  syscall: 'open',
  code: 'ENOENT',
  path: '/Users/yuanzhijia/Desktop/yd-bookscode/dist/components/create/create.html'
}
[2020-07-30T21:14:09.637] [ERROR] cheese - Error: ENOENT: no such file or directory, open '/Users/yuanzhijia/Desktop/yd-bookscode/dist/components/create/create.html'
    at Object.openSync (fs.js:458:3)
    at Object.readFileSync (fs.js:360:35)
    at Object.ret.load (/Users/yuanzhijia/Desktop/yd-bookscode/node_modules/swig-templates/lib/loaders/filesystem.js:59:15)
    at exports.Swig.compileFile (/Users/yuanzhijia/Desktop/yd-bookscode/node_modules/swig-templates/lib/swig.js:740:31)
    at Object.eval [as tpl] (eval at precompile (/Users/yuanzhijia/Desktop/yd-bookscode/node_modules/swig-templates/lib/swig.js:537:13), <anonymous>:11:18)
    at compiled (/Users/yuanzhijia/Desktop/yd-bookscode/node_modules/swig-templates/lib/swig.js:664:18)
    at /Users/yuanzhijia/Desktop/yd-bookscode/node_modules/swig-templates/lib/swig.js:604:20
    at /Users/yuanzhijia/Desktop/yd-bookscode/node_modules/swig-templates/lib/swig.js:735:9
    at FSReqCallback.readFileAfterClose [as oncomplete] (internal/fs/read_file_context.js:63:3) {
  errno: -2,
  syscall: 'open',
  code: 'ENOENT',
  path: '/Users/yuanzhijia/Desktop/yd-bookscode/dist/components/create/create.html'
}
